<?xml version="1.0" encoding="UTF-8"?>
<testsuite xmlns:xsi="http://www.w3.org/2001/XMLSchema-instance" xsi:noNamespaceSchemaLocation="https://maven.apache.org/surefire/maven-surefire-plugin/xsd/surefire-test-report.xsd" version="3.0.2" name="com.sistema.cadastro.integration.PostgresIntegrationTest" time="13.12" tests="4" errors="0" skipped="0" failures="0">
  <properties>
[...]
</properties>
  <testcase name="deveFalharAoInserirUsuarioComEmailDuplicado" classname="com.sistema.cadastro.integration.PostgresIntegrationTest" time="0.545">
    <system-out><![CDATA[22:56:43.891 [main] INFO org.testcontainers.images.PullPolicy -- Image pull policy will be performed by: DefaultPullPolicy()
22:56:43.899 [main] INFO org.testcontainers.utility.ImageNameSubstitutor -- Image name substitution will be performed by: DefaultImageNameSubstitutor (composite of 'ConfigurationFileImageNameSubstitutor' and 'PrefixingImageNameSubstitutor')
22:56:43.961 [main] INFO org.testcontainers.DockerClientFactory -- Testcontainers version: 1.20.4
22:56:44.188 [main] INFO org.testcontainers.dockerclient.DockerClientProviderStrategy -- Loaded org.testcontainers.dockerclient.NpipeSocketClientProviderStrategy from ~/.testcontainers.properties, will try it first
22:56:44.494 [main] INFO org.testcontainers.dockerclient.DockerClientProviderStrategy -- Found Docker environment with local Npipe socket (npipe:////./pipe/docker_engine)
22:56:44.495 [main] INFO org.testcontainers.DockerClientFactory -- Docker host IP address is localhost
22:56:44.515 [main] INFO org.testcontainers.DockerClientFactory -- Connected to docker: 
  Server Version: 28.5.1
  API Version: 1.51
  Operating System: Docker Desktop
  Total Memory: 7873 MB
  Labels: 
    com.docker.desktop.address=npipe://\\.\pipe\docker_cli
22:56:44.602 [main] INFO tc.testcontainers/ryuk:0.11.0 -- Creating container for image: testcontainers/ryuk:0.11.0
22:56:44.900 [main] INFO tc.testcontainers/ryuk:0.11.0 -- Container testcontainers/ryuk:0.11.0 is starting: af6c909305ec9718eacf14203f43e40d286210d44487575ac178c183436917a7
22:56:45.435 [main] INFO tc.testcontainers/ryuk:0.11.0 -- Container testcontainers/ryuk:0.11.0 started in PT0.8330344S
22:56:45.443 [main] INFO org.testcontainers.utility.RyukResourceReaper -- Ryuk started - will monitor and terminate Testcontainers containers on JVM exit
22:56:45.443 [main] INFO org.testcontainers.DockerClientFactory -- Checking the system...
22:56:45.444 [main] INFO org.testcontainers.DockerClientFactory -- ✔︎ Docker server version should be at least 1.6.0
22:56:45.444 [main] INFO tc.postgres:16-alpine -- Creating container for image: postgres:16-alpine
22:56:45.593 [main] INFO tc.postgres:16-alpine -- Container postgres:16-alpine is starting: 6f9cc5b613166517c6deb25e829c8cb3d2274856275accdf77740d3d91f96766
22:56:48.129 [main] INFO tc.postgres:16-alpine -- Container postgres:16-alpine started in PT2.6849922S
22:56:48.130 [main] INFO tc.postgres:16-alpine -- Container is started (JDBC URL: jdbc:postgresql://localhost:59543/testdb?loggerLevel=OFF)
Standard Commons Logging discovery in action with spring-jcl: please remove commons-logging.jar from classpath in order to avoid potential conflicts
22:56:48.231 [main] INFO org.springframework.test.context.support.AnnotationConfigContextLoaderUtils -- Could not detect default configuration classes for test class [com.sistema.cadastro.integration.PostgresIntegrationTest]: PostgresIntegrationTest does not declare any static, non-private, non-final, nested classes annotated with @Configuration.
22:56:48.371 [main] INFO org.springframework.boot.test.context.SpringBootTestContextBootstrapper -- Found @SpringBootConfiguration com.sistema.cadastro.SistemaCadastroApplication for test class com.sistema.cadastro.integration.PostgresIntegrationTest
22:56:48.550 [main] INFO org.springframework.boot.devtools.restart.RestartApplicationListener -- Restart disabled due to context in which it is running

  .   ____          _            __ _ _
 /\\ / ___'_ __ _ _(_)_ __  __ _ \ \ \ \
( ( )\___ | '_ | '_| | '_ \/ _` | \ \ \ \
 \\/  ___)| |_)| | | | | || (_| |  ) ) ) )
  '  |____| .__|_| |_|_| |_\__, | / / / /
 =========|_|==============|___/=/_/_/_/

 :: Spring Boot ::                (v3.4.2)

2025-11-10 22:56:48 - Starting PostgresIntegrationTest using Java 24.0.2 with PID 20664 (started by Pedro in C:\Users\Usuario\Documentos\Lições\ADO'S\Quarto Semestre\Teste de Software\sistema_cadastro\sistema_cadastro)
2025-11-10 22:56:48 - No active profile set, falling back to 1 default profile: "default"
2025-11-10 22:56:50 - Bootstrapping Spring Data JPA repositories in DEFAULT mode.
2025-11-10 22:56:50 - Finished Spring Data repository scanning in 153 ms. Found 2 JPA repository interfaces.
2025-11-10 22:56:51 - HHH000204: Processing PersistenceUnitInfo [name: default]
2025-11-10 22:56:51 - HHH000412: Hibernate ORM core version 6.6.5.Final
2025-11-10 22:56:51 - HHH000026: Second-level cache disabled
2025-11-10 22:56:51 - No LoadTimeWeaver setup: ignoring JPA class transformer
2025-11-10 22:56:51 - HikariPool-1 - Starting...
2025-11-10 22:56:51 - HikariPool-1 - Added connection org.postgresql.jdbc.PgConnection@4b518645
2025-11-10 22:56:51 - HikariPool-1 - Start completed.
2025-11-10 22:56:51 - HHH90000025: PostgreSQLDialect does not need to be specified explicitly using 'hibernate.dialect' (remove the property setting and it will be selected by default)
2025-11-10 22:56:51 - HHH10001005: Database info:
	Database JDBC URL [Connecting through datasource 'HikariDataSource (HikariPool-1)']
	Database driver: undefined/unknown
	Database version: 16.10
	Autocommit mode: undefined/unknown
	Isolation level: undefined/unknown
	Minimum pool size: undefined/unknown
	Maximum pool size: undefined/unknown
2025-11-10 22:56:52 - HHH000489: No JTA platform available (set 'hibernate.transaction.jta.platform' to enable JTA platform integration)
2025-11-10 22:56:52 - Initialized JPA EntityManagerFactory for persistence unit 'default'
2025-11-10 22:56:53 - Hibernate is in classpath; If applicable, HQL parser will be used.
2025-11-10 22:56:54 - spring.jpa.open-in-view is enabled by default. Therefore, database queries may be performed during view rendering. Explicitly configure spring.jpa.open-in-view to disable this warning
2025-11-10 22:56:55 - Exposing 2 endpoints beneath base path '/actuator'
2025-11-10 22:56:55 - Started PostgresIntegrationTest in 6.82 seconds (process running for 12.21)
Hibernate: 
    insert 
    into
        users
        (address, cep, city, complement, cpf, created_at, email, name, neighborhood, number, state, updated_at) 
    values
        (?, ?, ?, ?, ?, ?, ?, ?, ?, ?, ?, ?)
]]></system-out>
    <system-err><![CDATA[SLF4J(W): Class path contains multiple SLF4J providers.
SLF4J(W): Found provider [ch.qos.logback.classic.spi.LogbackServiceProvider@50caa560]
SLF4J(W): Found provider [org.slf4j.simple.SimpleServiceProvider@2a266d09]
SLF4J(W): See https://www.slf4j.org/codes.html#multiple_bindings for an explanation.
SLF4J(I): Actual provider is of type [ch.qos.logback.classic.spi.LogbackServiceProvider@50caa560]
Mockito is currently self-attaching to enable the inline-mock-maker. This will no longer work in future releases of the JDK. Please add Mockito as an agent to your build what is described in Mockito's documentation: https://javadoc.io/doc/org.mockito/mockito-core/latest/org/mockito/Mockito.html#0.3
WARNING: A Java agent has been loaded dynamically (C:\Users\Usuario\.m2\repository\net\bytebuddy\byte-buddy-agent\1.15.11\byte-buddy-agent-1.15.11.jar)
WARNING: If a serviceability tool is in use, please run with -XX:+EnableDynamicAgentLoading to hide this warning
WARNING: If a serviceability tool is not in use, please run with -Djdk.instrument.traceUsage for more information
WARNING: Dynamic loading of agents will be disallowed by default in a future release
]]></system-err>
  </testcase>
  <testcase name="deveValidarSchemaDoBanco" classname="com.sistema.cadastro.integration.PostgresIntegrationTest" time="0.059"/>
  <testcase name="deveExecutarCrudCompletoDeProduto" classname="com.sistema.cadastro.integration.PostgresIntegrationTest" time="0.226">
    <system-out><![CDATA[Hibernate: 
    insert 
    into
        products
        (brand, category, created_at, description, image_url, is_active, name, price, sku, stock, updated_at, weight) 
    values
        (?, ?, ?, ?, ?, ?, ?, ?, ?, ?, ?, ?)
Hibernate: 
    select
        p1_0.id,
        p1_0.brand,
        p1_0.category,
        p1_0.created_at,
        p1_0.description,
        p1_0.image_url,
        p1_0.is_active,
        p1_0.name,
        p1_0.price,
        p1_0.sku,
        p1_0.stock,
        p1_0.updated_at,
        p1_0.weight 
    from
        products p1_0 
    where
        p1_0.sku=?
Hibernate: 
    select
        p1_0.id,
        p1_0.brand,
        p1_0.category,
        p1_0.created_at,
        p1_0.description,
        p1_0.image_url,
        p1_0.is_active,
        p1_0.name,
        p1_0.price,
        p1_0.sku,
        p1_0.stock,
        p1_0.updated_at,
        p1_0.weight 
    from
        products p1_0 
    where
        p1_0.id=?
Hibernate: 
    update
        products 
    set
        brand=?,
        category=?,
        description=?,
        image_url=?,
        is_active=?,
        name=?,
        price=?,
        sku=?,
        stock=?,
        updated_at=?,
        weight=? 
    where
        id=?
Hibernate: 
    select
        p1_0.id,
        p1_0.brand,
        p1_0.category,
        p1_0.created_at,
        p1_0.description,
        p1_0.image_url,
        p1_0.is_active,
        p1_0.name,
        p1_0.price,
        p1_0.sku,
        p1_0.stock,
        p1_0.updated_at,
        p1_0.weight 
    from
        products p1_0 
    where
        p1_0.id=?
Hibernate: 
    select
        p1_0.id,
        p1_0.brand,
        p1_0.category,
        p1_0.created_at,
        p1_0.description,
        p1_0.image_url,
        p1_0.is_active,
        p1_0.name,
        p1_0.price,
        p1_0.sku,
        p1_0.stock,
        p1_0.updated_at,
        p1_0.weight 
    from
        products p1_0 
    where
        p1_0.id=?
Hibernate: 
    delete 
    from
        products 
    where
        id=?
Hibernate: 
    select
        p1_0.id 
    from
        products p1_0 
    where
        p1_0.sku=? 
    fetch
        first ? rows only
]]></system-out>
  </testcase>
  <testcase name="deveExecutarCrudCompletoDeUsuario" classname="com.sistema.cadastro.integration.PostgresIntegrationTest" time="0.05">
    <system-out><![CDATA[Hibernate: 
    insert 
    into
        users
        (address, cep, city, complement, cpf, created_at, email, name, neighborhood, number, state, updated_at) 
    values
        (?, ?, ?, ?, ?, ?, ?, ?, ?, ?, ?, ?)
Hibernate: 
    select
        u1_0.id,
        u1_0.address,
        u1_0.cep,
        u1_0.city,
        u1_0.complement,
        u1_0.cpf,
        u1_0.created_at,
        u1_0.email,
        u1_0.name,
        u1_0.neighborhood,
        u1_0.number,
        u1_0.state,
        u1_0.updated_at 
    from
        users u1_0 
    where
        u1_0.id=?
Hibernate: 
    select
        u1_0.id,
        u1_0.address,
        u1_0.cep,
        u1_0.city,
        u1_0.complement,
        u1_0.cpf,
        u1_0.created_at,
        u1_0.email,
        u1_0.name,
        u1_0.neighborhood,
        u1_0.number,
        u1_0.state,
        u1_0.updated_at 
    from
        users u1_0 
    where
        u1_0.id=?
Hibernate: 
    update
        users 
    set
        address=?,
        cep=?,
        city=?,
        complement=?,
        cpf=?,
        email=?,
        name=?,
        neighborhood=?,
        number=?,
        state=?,
        updated_at=? 
    where
        id=?
Hibernate: 
    select
        u1_0.id,
        u1_0.address,
        u1_0.cep,
        u1_0.city,
        u1_0.complement,
        u1_0.cpf,
        u1_0.created_at,
        u1_0.email,
        u1_0.name,
        u1_0.neighborhood,
        u1_0.number,
        u1_0.state,
        u1_0.updated_at 
    from
        users u1_0 
    where
        u1_0.id=?
Hibernate: 
    delete 
    from
        users 
    where
        id=?
Hibernate: 
    select
        u1_0.id,
        u1_0.address,
        u1_0.cep,
        u1_0.city,
        u1_0.complement,
        u1_0.cpf,
        u1_0.created_at,
        u1_0.email,
        u1_0.name,
        u1_0.neighborhood,
        u1_0.number,
        u1_0.state,
        u1_0.updated_at 
    from
        users u1_0 
    where
        u1_0.id=?
]]></system-out>
  </testcase>
</testsuite>